21:54:06 [Phase1] === PHASE 1: Pre-flight + Idempotency Check ===
21:54:06 [Phase1] 1.1 Checking MicroK8s status...
21:54:06 [Phase1] ERROR: Run: microk8s start
21:57:46 [Phase1] === PHASE 1: Pre-flight + Idempotency Check ===
21:57:46 [Phase1] 1.1 Checking MicroK8s status...
21:57:46 [Phase1] 1.2 Checking required addons (helm3, storage, dns)...
Infer repository core for addon helm3
Addon core/helm3 is already enabled
Infer repository core for addon storage
Addon core/storage is already enabled
Infer repository core for addon dns
Addon core/dns is already enabled
21:57:49 [Phase1] 1.3 Checking if Splunk Helm release already exists...
21:57:49 [Phase1] 1.4 Checking Splunk Helm repo...
"splunk" has been added to your repositories
Hang tight while we grab the latest from your chart repositories...
...Successfully got an update from the "splunk" chart repository
...Successfully got an update from the "hashicorp" chart repository
...Successfully got an update from the "openproject" chart repository
Update Complete. ⎈Happy Helming!⎈
21:57:51 [Phase1] 1.5 Checking namespace: splunk...
namespace/splunk created
21:57:51 [Phase1] 1.6 Phase 1 verification...
21:57:51 [Phase1] === PHASE 1 COMPLETE ===
22:05:20 [Phase2] === PHASE 2: Helm Chart Install (Idempotent) ===
22:05:20 [Phase2] 2.2 Writing Helm values...
22:05:20 [Phase2] 2.3 Running helm install (this may take 2-5 minutes)...
Release "splunk-enterprise" does not exist. Installing it now.
NAME: splunk-enterprise
LAST DEPLOYED: Wed Feb 18 22:05:23 2026
NAMESPACE: splunk
STATUS: deployed
REVISION: 1
TEST SUITE: None
22:05:23 [Phase2] 2.4 Waiting for Splunk pods to be Running (max 10 min)...
22:05:23 [Phase2]   Pods running: 0 / 1 (attempt 1/60)
22:10:18 [Phase3] === PHASE 3: Configure Splunk HEC (Idempotent) ===
22:10:18 [Phase3] 3.1 Starting port-forward to Splunk management API...
22:10:20 [Phase3] Port-forward PID: 150006 (mgmt→38089, hec→38088, web→38000)
Forwarding from 127.0.0.1:38089 -> 8089
Forwarding from [::1]:38089 -> 8089
Forwarding from 127.0.0.1:38088 -> 8088
Forwarding from [::1]:38088 -> 8088
Forwarding from 127.0.0.1:38000 -> 8000
Forwarding from [::1]:38000 -> 8000
22:10:28 [Phase3] 3.2 Testing Splunk management API connectivity...
Handling connection for 38089
E0218 22:10:28.846460  150047 portforward.go:413] "Unhandled Error" err="an error occurred forwarding 38089 -> 8089: error forwarding port 8089 to pod 485b7b9e45eb7a82703c5ad4017e076a5104916f81675fc1c66e7f600860b284, uid : failed to execute portforward in network namespace \"/var/run/netns/cni-3331658d-d365-9a4d-9fbe-5915fc1b007c\": failed to connect to localhost:8089 inside namespace \"485b7b9e45eb7a82703c5ad4017e076a5104916f81675fc1c66e7f600860b284\", IPv4: dial tcp4 127.0.0.1:8089: connect: connection refused IPv6 dial tcp6: address localhost: no suitable address found "
error: lost connection to pod
22:26:25 [Phase4] === PHASE 4: Forward OpenClaw Logs to Splunk HEC ===
22:26:25 [Phase4] 4.1 Checking if forwarder service already exists...
22:26:25 [Phase4] 4.2 Locating OpenClaw log path...
22:26:27 [Phase4] 4.3 Writing forwarder config...
22:26:27 [Phase4] 4.4 Writing forwarder script...
22:26:27 [Phase4] 4.5 Writing systemd service...
22:26:33 [Phase4] 4.6 Verifying events in Splunk (waiting 30s)...
23:45:40 [Phase5] === PHASE 5: Create OpenClaw Operations Dashboard ===
23:45:40 [Phase5] 5.1 Checking if dashboard already exists...
23:45:40 [Phase5] 5.2 Writing dashboard XML...
23:45:40 [Phase5] 5.3 Posting dashboard (method: POST to create)...
